2025-11-21 16:37:28,470 [44876:44736] INFO     my_app          - timing_decorator 数据获取 __getAllData__: Function '__getAllData__' executed in 1.8780 seconds.
2025-11-21 16:37:28,473 [44876:7360] INFO     my_app          - timing_decorator 数据获取 __getAllData__: Function '__getAllData__' executed in 1.8826 seconds.
2025-11-21 16:37:31,782 [44876:7360] WARNING  my_app          - timing_decorator 拼接图像计时: Function '__stitching__' executed in 3.3086 seconds.
2025-11-21 16:37:33,057 [44876:7360] INFO     my_app          - timing_decorator 图像保持: Function 'sync_save' executed in 1.2730 seconds.
2025-11-21 16:40:33,048 [18516:41576] INFO     my_app          - timing_decorator 数据获取 __getAllData__: Function '__getAllData__' executed in 1.9819 seconds.
2025-11-21 16:40:33,071 [18516:21380] INFO     my_app          - timing_decorator 数据获取 __getAllData__: Function '__getAllData__' executed in 2.0069 seconds.
2025-11-21 16:40:34,687 [18516:41576] INFO     my_app          - timing_decorator 拼接图像计时: Function '__stitching__' executed in 1.6390 seconds.
2025-11-21 16:40:35,425 [18516:41576] INFO     my_app          - timing_decorator 图像保持: Function 'sync_save' executed in 0.7378 seconds.
2025-11-21 16:40:36,970 [18516:21380] WARNING  my_app          - timing_decorator 拼接图像计时: Function '__stitching__' executed in 3.8984 seconds.
2025-11-21 16:40:38,228 [18516:21380] INFO     my_app          - timing_decorator 图像保持: Function 'sync_save' executed in 1.2585 seconds.
2025-11-21 16:40:40,677 [18516:4328] INFO     my_app          - timing_decorator _detectionTaperShape_: Function '_detection_taper_shape_' executed in 0.1499 seconds.
2025-11-21 16:47:58,617 [44160:31192] INFO     my_app          - timing_decorator 数据获取 __getAllData__: Function '__getAllData__' executed in 1.9502 seconds.
2025-11-21 16:47:58,623 [44160:45736] INFO     my_app          - timing_decorator 数据获取 __getAllData__: Function '__getAllData__' executed in 1.9578 seconds.
2025-11-21 16:48:00,205 [44160:31192] INFO     my_app          - timing_decorator 拼接图像计时: Function '__stitching__' executed in 1.5884 seconds.
2025-11-21 16:48:01,096 [44160:31192] INFO     my_app          - timing_decorator 图像保持: Function 'sync_save' executed in 0.8907 seconds.
2025-11-21 16:48:03,168 [44160:45736] WARNING  my_app          - timing_decorator 拼接图像计时: Function '__stitching__' executed in 4.5454 seconds.
2025-11-21 16:48:04,462 [44160:45736] INFO     my_app          - timing_decorator 图像保持: Function 'sync_save' executed in 1.2940 seconds.
2025-11-21 16:48:06,865 [44160:17380] INFO     my_app          - timing_decorator _detectionTaperShape_: Function '_detection_taper_shape_' executed in 0.1416 seconds.
2025-11-21 16:54:16,275 [44328:39048] INFO     my_app          - timing_decorator 数据获取 __getAllData__: Function '__getAllData__' executed in 1.7382 seconds.
2025-11-21 16:54:16,277 [44328:37524] INFO     my_app          - timing_decorator 数据获取 __getAllData__: Function '__getAllData__' executed in 1.7403 seconds.
2025-11-21 16:54:17,508 [44328:39048] INFO     my_app          - timing_decorator 拼接图像计时: Function '__stitching__' executed in 1.2332 seconds.
2025-11-21 16:54:18,469 [44328:39048] INFO     my_app          - timing_decorator 图像保持: Function 'sync_save' executed in 0.9601 seconds.
2025-11-21 16:54:20,113 [44328:37524] WARNING  my_app          - timing_decorator 拼接图像计时: Function '__stitching__' executed in 3.8345 seconds.
2025-11-21 16:54:21,397 [44328:37524] INFO     my_app          - timing_decorator 图像保持: Function 'sync_save' executed in 1.2844 seconds.
2025-11-21 16:54:23,928 [44328:40064] INFO     my_app          - timing_decorator _detectionTaperShape_: Function '_detection_taper_shape_' executed in 0.1400 seconds.
2025-11-21 16:56:05,536 [42696:46032] INFO     my_app          - timing_decorator 数据获取 __getAllData__: Function '__getAllData__' executed in 1.9369 seconds.
2025-11-21 16:56:05,563 [42696:43540] INFO     my_app          - timing_decorator 数据获取 __getAllData__: Function '__getAllData__' executed in 1.9606 seconds.
2025-11-21 16:56:06,815 [42696:43540] INFO     my_app          - timing_decorator 拼接图像计时: Function '__stitching__' executed in 1.2509 seconds.
2025-11-21 16:56:09,778 [42696:46032] WARNING  my_app          - timing_decorator 拼接图像计时: Function '__stitching__' executed in 4.2419 seconds.
2025-11-21 17:01:18,365 [42696:43540] ERROR    my_app          - timing_decorator 图像保持: Function 'sync_save' executed in 311.5484 seconds.
2025-11-21 17:01:19,003 [42696:46032] ERROR    my_app          - timing_decorator 图像保持: Function 'sync_save' executed in 309.2252 seconds.
2025-11-21 17:01:22,055 [42696:33828] INFO     my_app          - timing_decorator _detectionTaperShape_: Function '_detection_taper_shape_' executed in 0.2636 seconds.
2025-11-21 17:02:11,499 [15632:22436] INFO     my_app          - timing_decorator 数据获取 __getAllData__: Function '__getAllData__' executed in 2.0546 seconds.
2025-11-21 17:02:11,504 [15632:19480] INFO     my_app          - timing_decorator 数据获取 __getAllData__: Function '__getAllData__' executed in 2.0577 seconds.
2025-11-21 17:06:07,447 [15632:19480] ERROR    my_app          - timing_decorator 拼接图像计时: Function '__stitching__' executed in 235.9427 seconds.
2025-11-21 17:07:17,144 [15632:19480] INFO     my_app          - timing_decorator 图像保持: Function 'sync_save' executed in 0.6011 seconds.
2025-11-21 17:09:31,496 [16976:45420] INFO     my_app          - timing_decorator 数据获取 __getAllData__: Function '__getAllData__' executed in 1.7711 seconds.
2025-11-21 17:09:31,517 [16976:32984] INFO     my_app          - timing_decorator 数据获取 __getAllData__: Function '__getAllData__' executed in 1.7925 seconds.
2025-11-21 17:09:32,779 [16976:45420] INFO     my_app          - timing_decorator 拼接图像计时: Function '__stitching__' executed in 1.2825 seconds.
2025-11-21 17:09:33,753 [16976:45420] INFO     my_app          - timing_decorator 图像保持: Function 'sync_save' executed in 0.9739 seconds.
2025-11-21 17:09:35,465 [16976:32984] WARNING  my_app          - timing_decorator 拼接图像计时: Function '__stitching__' executed in 3.9480 seconds.
2025-11-21 17:09:36,821 [16976:32984] INFO     my_app          - timing_decorator 图像保持: Function 'sync_save' executed in 1.3554 seconds.
2025-11-21 17:09:39,388 [16976:5832] INFO     my_app          - timing_decorator _detectionTaperShape_: Function '_detection_taper_shape_' executed in 0.1415 seconds.
2025-11-21 17:10:46,127 [34980:33764] INFO     my_app          - timing_decorator 数据获取 __getAllData__: Function '__getAllData__' executed in 1.7370 seconds.
2025-11-21 17:10:46,137 [34980:34648] INFO     my_app          - timing_decorator 数据获取 __getAllData__: Function '__getAllData__' executed in 1.7472 seconds.
2025-11-21 17:10:47,385 [34980:34648] INFO     my_app          - timing_decorator 拼接图像计时: Function '__stitching__' executed in 1.2482 seconds.
2025-11-21 17:10:48,342 [34980:34648] INFO     my_app          - timing_decorator 图像保持: Function 'sync_save' executed in 0.9570 seconds.
2025-11-21 17:10:50,090 [34980:33764] WARNING  my_app          - timing_decorator 拼接图像计时: Function '__stitching__' executed in 3.9631 seconds.
2025-11-21 17:10:51,423 [34980:33764] INFO     my_app          - timing_decorator 图像保持: Function 'sync_save' executed in 1.3329 seconds.
2025-11-21 17:10:54,003 [34980:32628] INFO     my_app          - timing_decorator _detectionTaperShape_: Function '_detection_taper_shape_' executed in 0.1432 seconds.
2025-11-21 17:11:48,736 [39212:40952] INFO     my_app          - timing_decorator 数据获取 __getAllData__: Function '__getAllData__' executed in 1.7500 seconds.
2025-11-21 17:11:48,747 [39212:44828] INFO     my_app          - timing_decorator 数据获取 __getAllData__: Function '__getAllData__' executed in 1.7621 seconds.
2025-11-21 17:11:49,977 [39212:40952] INFO     my_app          - timing_decorator 拼接图像计时: Function '__stitching__' executed in 1.2409 seconds.
2025-11-21 17:11:50,974 [39212:40952] INFO     my_app          - timing_decorator 图像保持: Function 'sync_save' executed in 0.9953 seconds.
2025-11-21 17:12:06,354 [31072:45288] INFO     my_app          - timing_decorator 数据获取 __getAllData__: Function '__getAllData__' executed in 1.9285 seconds.
2025-11-21 17:12:06,361 [31072:2828] INFO     my_app          - timing_decorator 数据获取 __getAllData__: Function '__getAllData__' executed in 1.9346 seconds.
2025-11-21 17:20:59,969 [38440:37504] INFO     my_app          - timing_decorator 数据获取 __getAllData__: Function '__getAllData__' executed in 1.9440 seconds.
2025-11-21 17:20:59,969 [38440:38548] INFO     my_app          - timing_decorator 数据获取 __getAllData__: Function '__getAllData__' executed in 1.9461 seconds.
2025-11-21 17:21:00,263 [38440:39724] INFO     my_app          - timing_decorator 判级时间: Function 'detection_all' executed in 0.0000 seconds.
2025-11-21 17:21:01,651 [38440:38548] INFO     my_app          - timing_decorator 数据获取 __getAllData__: Function '__getAllData__' executed in 1.2202 seconds.
2025-11-21 17:21:01,669 [38440:37504] INFO     my_app          - timing_decorator 数据获取 __getAllData__: Function '__getAllData__' executed in 1.2379 seconds.
2025-11-21 17:21:01,960 [38440:39724] INFO     my_app          - timing_decorator 判级时间: Function 'detection_all' executed in 0.0000 seconds.
2025-11-21 17:21:03,401 [38440:38548] INFO     my_app          - timing_decorator 数据获取 __getAllData__: Function '__getAllData__' executed in 1.2632 seconds.
2025-11-21 17:21:03,416 [38440:37504] INFO     my_app          - timing_decorator 数据获取 __getAllData__: Function '__getAllData__' executed in 1.2789 seconds.
2025-11-21 17:21:03,723 [38440:39724] INFO     my_app          - timing_decorator 判级时间: Function 'detection_all' executed in 0.0016 seconds.
2025-11-21 17:21:05,091 [38440:37504] INFO     my_app          - timing_decorator 数据获取 __getAllData__: Function '__getAllData__' executed in 1.2149 seconds.
2025-11-21 17:21:05,105 [38440:38548] INFO     my_app          - timing_decorator 数据获取 __getAllData__: Function '__getAllData__' executed in 1.2291 seconds.
2025-11-21 17:21:05,484 [38440:39724] INFO     my_app          - timing_decorator 判级时间: Function 'detection_all' executed in 0.0000 seconds.
2025-11-21 17:21:06,651 [38440:38548] INFO     my_app          - timing_decorator 数据获取 __getAllData__: Function '__getAllData__' executed in 1.0060 seconds.
2025-11-21 17:21:06,681 [38440:37504] INFO     my_app          - timing_decorator 数据获取 __getAllData__: Function '__getAllData__' executed in 1.0342 seconds.
2025-11-21 17:21:07,049 [38440:39724] INFO     my_app          - timing_decorator 判级时间: Function 'detection_all' executed in 0.0000 seconds.
2025-11-21 17:21:08,386 [38440:37504] INFO     my_app          - timing_decorator 数据获取 __getAllData__: Function '__getAllData__' executed in 1.1817 seconds.
2025-11-21 17:21:08,397 [38440:38548] INFO     my_app          - timing_decorator 数据获取 __getAllData__: Function '__getAllData__' executed in 1.1934 seconds.
2025-11-21 17:21:08,771 [38440:39724] INFO     my_app          - timing_decorator 判级时间: Function 'detection_all' executed in 0.0000 seconds.
2025-11-21 17:21:10,163 [38440:38548] INFO     my_app          - timing_decorator 数据获取 __getAllData__: Function '__getAllData__' executed in 1.2344 seconds.
2025-11-21 17:21:10,183 [38440:37504] INFO     my_app          - timing_decorator 数据获取 __getAllData__: Function '__getAllData__' executed in 1.2531 seconds.
2025-11-21 17:21:10,456 [38440:39724] INFO     my_app          - timing_decorator 判级时间: Function 'detection_all' executed in 0.0000 seconds.
2025-11-21 17:21:11,897 [38440:37504] INFO     my_app          - timing_decorator 数据获取 __getAllData__: Function '__getAllData__' executed in 1.2675 seconds.
2025-11-21 17:21:11,921 [38440:38548] INFO     my_app          - timing_decorator 数据获取 __getAllData__: Function '__getAllData__' executed in 1.2934 seconds.
2025-11-21 17:24:49,078 [33852:35048] INFO     my_app          - timing_decorator 数据获取 __getAllData__: Function '__getAllData__' executed in 1.9899 seconds.
2025-11-21 17:24:49,085 [33852:43172] INFO     my_app          - timing_decorator 数据获取 __getAllData__: Function '__getAllData__' executed in 1.9955 seconds.
2025-11-21 17:25:26,981 [41308:26332] INFO     my_app          - timing_decorator 数据获取 __getAllData__: Function '__getAllData__' executed in 1.8732 seconds.
2025-11-21 17:25:27,001 [41308:41188] INFO     my_app          - timing_decorator 数据获取 __getAllData__: Function '__getAllData__' executed in 1.8936 seconds.
2025-11-21 17:25:31,108 [41308:41188] WARNING  my_app          - timing_decorator 拼接图像计时: Function '__stitching__' executed in 4.1071 seconds.
2025-11-21 17:25:31,388 [41308:26332] WARNING  my_app          - timing_decorator 拼接图像计时: Function '__stitching__' executed in 4.4071 seconds.
2025-11-21 17:25:33,294 [41308:41188] INFO     my_app          - timing_decorator 图像保持: Function 'sync_save' executed in 2.1863 seconds.
2025-11-21 17:25:33,561 [41308:26332] INFO     my_app          - timing_decorator 图像保持: Function 'sync_save' executed in 2.1729 seconds.
2025-11-21 17:25:38,147 [41308:4548] INFO     my_app          - timing_decorator _detectionTaperShape_: Function '_detection_taper_shape_' executed in 0.1562 seconds.
2025-11-21 17:25:38,299 [41308:4548] INFO     my_app          - timing_decorator _detectionTaperShape_: Function '_detection_taper_shape_' executed in 0.1526 seconds.
2025-11-21 17:25:38,406 [41308:4548] WARNING  my_app          - timing_decorator 判级时间: Function 'detection_all' executed in 3.1006 seconds.
2025-11-21 17:25:47,037 [41308:41188] WARNING  my_app          - timing_decorator 数据获取 __getAllData__: Function '__getAllData__' executed in 3.5636 seconds.
2025-11-21 17:25:47,057 [41308:26332] WARNING  my_app          - timing_decorator 数据获取 __getAllData__: Function '__getAllData__' executed in 3.5836 seconds.
2025-11-21 17:25:51,820 [41308:26332] WARNING  my_app          - timing_decorator 拼接图像计时: Function '__stitching__' executed in 4.7618 seconds.
2025-11-21 17:25:52,234 [41308:41188] ERROR    my_app          - timing_decorator 拼接图像计时: Function '__stitching__' executed in 5.1977 seconds.
2025-11-21 17:25:54,530 [41308:26332] INFO     my_app          - timing_decorator 图像保持: Function 'sync_save' executed in 2.7098 seconds.
2025-11-21 17:25:54,699 [41308:41188] INFO     my_app          - timing_decorator 图像保持: Function 'sync_save' executed in 2.4643 seconds.
2025-11-21 17:26:01,001 [41308:4548] INFO     my_app          - timing_decorator _detectionTaperShape_: Function '_detection_taper_shape_' executed in 0.5452 seconds.
2025-11-21 17:26:01,209 [41308:4548] INFO     my_app          - timing_decorator _detectionTaperShape_: Function '_detection_taper_shape_' executed in 0.2075 seconds.
2025-11-21 17:26:01,385 [41308:4548] ERROR    my_app          - timing_decorator 判级时间: Function 'detection_all' executed in 5.0686 seconds.
2025-11-21 17:26:07,730 [41308:26332] INFO     my_app          - timing_decorator 数据获取 __getAllData__: Function '__getAllData__' executed in 1.2849 seconds.
2025-11-21 17:26:07,770 [41308:41188] INFO     my_app          - timing_decorator 数据获取 __getAllData__: Function '__getAllData__' executed in 1.3270 seconds.
2025-11-21 17:26:13,375 [41308:26332] ERROR    my_app          - timing_decorator 拼接图像计时: Function '__stitching__' executed in 5.6450 seconds.
2025-11-21 17:26:13,962 [41308:41188] ERROR    my_app          - timing_decorator 拼接图像计时: Function '__stitching__' executed in 6.1914 seconds.
2025-11-21 17:26:16,756 [41308:26332] WARNING  my_app          - timing_decorator 图像保持: Function 'sync_save' executed in 3.3812 seconds.
2025-11-21 17:26:16,901 [41308:41188] INFO     my_app          - timing_decorator 图像保持: Function 'sync_save' executed in 2.9381 seconds.
2025-11-21 17:26:23,836 [41308:4548] INFO     my_app          - timing_decorator _detectionTaperShape_: Function '_detection_taper_shape_' executed in 0.1678 seconds.
2025-11-21 17:26:24,004 [41308:4548] INFO     my_app          - timing_decorator _detectionTaperShape_: Function '_detection_taper_shape_' executed in 0.1681 seconds.
2025-11-21 17:26:24,097 [41308:4548] ERROR    my_app          - timing_decorator 判级时间: Function 'detection_all' executed in 5.1932 seconds.
2025-12-04 20:12:38,255 [43744:38044] ERROR    my_app          - timing_decorator 数据获取 __getAllData__: Function '__getAllData__' executed in 8.8591 seconds.
2025-12-04 20:12:38,473 [43744:46628] ERROR    my_app          - timing_decorator 数据获取 __getAllData__: Function '__getAllData__' executed in 9.0766 seconds.
2025-12-04 20:12:51,257 [43744:38044] ERROR    my_app          - timing_decorator 拼接图像计时: Function '__stitching__' executed in 13.0018 seconds.
2025-12-04 20:12:51,844 [43744:46628] ERROR    my_app          - timing_decorator 拼接图像计时: Function '__stitching__' executed in 13.3702 seconds.
2025-12-04 20:12:55,809 [43744:38044] WARNING  my_app          - timing_decorator 图像保持: Function 'sync_save' executed in 4.5517 seconds.
2025-12-04 20:12:56,592 [43744:46628] WARNING  my_app          - timing_decorator 图像保持: Function 'sync_save' executed in 4.7471 seconds.
2025-12-04 20:13:03,959 [43744:38044] WARNING  my_app          - timing_decorator 数据获取 __getAllData__: Function '__getAllData__' executed in 4.3130 seconds.
2025-12-04 20:13:04,261 [43744:46628] WARNING  my_app          - timing_decorator 数据获取 __getAllData__: Function '__getAllData__' executed in 4.6155 seconds.
2025-12-04 20:13:09,806 [43744:38044] ERROR    my_app          - timing_decorator 拼接图像计时: Function '__stitching__' executed in 5.8473 seconds.
2025-12-04 20:15:56,363 [24032:47216] ERROR    my_app          - timing_decorator 数据获取 __getAllData__: Function '__getAllData__' executed in 6.7676 seconds.
2025-12-04 20:15:56,758 [24032:27624] ERROR    my_app          - timing_decorator 数据获取 __getAllData__: Function '__getAllData__' executed in 7.1620 seconds.
2025-12-04 20:16:03,391 [24032:47216] ERROR    my_app          - timing_decorator 拼接图像计时: Function '__stitching__' executed in 7.0285 seconds.
2025-12-04 20:16:03,840 [24032:27624] ERROR    my_app          - timing_decorator 拼接图像计时: Function '__stitching__' executed in 7.0815 seconds.
2025-12-04 20:16:07,391 [24032:47216] WARNING  my_app          - timing_decorator 图像保持: Function 'sync_save' executed in 3.8020 seconds.
2025-12-04 20:16:07,938 [24032:27624] WARNING  my_app          - timing_decorator 图像保持: Function 'sync_save' executed in 4.0979 seconds.
2025-12-04 20:16:22,567 [24032:43012] INFO     my_app          - timing_decorator _detectionTaperShape_: Function '_detection_taper_shape_' executed in 0.3445 seconds.
2025-12-04 20:16:22,912 [24032:43012] INFO     my_app          - timing_decorator _detectionTaperShape_: Function '_detection_taper_shape_' executed in 0.3453 seconds.
2025-12-04 20:16:23,124 [24032:43012] ERROR    my_app          - timing_decorator 判级时间: Function 'detection_all' executed in 8.8974 seconds.
2025-12-04 20:16:32,531 [24032:47216] ERROR    my_app          - timing_decorator 数据获取 __getAllData__: Function '__getAllData__' executed in 5.8331 seconds.
2025-12-04 20:16:32,726 [24032:27624] ERROR    my_app          - timing_decorator 数据获取 __getAllData__: Function '__getAllData__' executed in 6.0283 seconds.
2025-12-04 20:16:38,163 [24032:47216] ERROR    my_app          - timing_decorator 拼接图像计时: Function '__stitching__' executed in 5.6312 seconds.
2025-12-04 20:16:39,844 [24032:27624] ERROR    my_app          - timing_decorator 拼接图像计时: Function '__stitching__' executed in 7.1177 seconds.
2025-12-04 20:16:43,032 [24032:47216] WARNING  my_app          - timing_decorator 图像保持: Function 'sync_save' executed in 4.8693 seconds.
2025-12-04 20:16:43,781 [24032:27624] WARNING  my_app          - timing_decorator 图像保持: Function 'sync_save' executed in 3.9359 seconds.
