2024-12-09 15:40:37 - matplotlib - DEBUG - matplotlib data path: D:\python\py39\lib\site-packages\matplotlib\mpl-data
2024-12-09 15:40:37 - matplotlib - DEBUG - CONFIGDIR=C:\Users\dell\.matplotlib
2024-12-09 15:40:37 - matplotlib - DEBUG - interactive is False
2024-12-09 15:40:37 - matplotlib - DEBUG - platform is win32
2024-12-09 15:40:37 - matplotlib - DEBUG - CACHEDIR=C:\Users\dell\.matplotlib
2024-12-09 15:40:37 - matplotlib.font_manager - DEBUG - Using fontManager instance from C:\Users\dell\.matplotlib\fontlist-v390.json
2024-12-09 15:45:02 - matplotlib - DEBUG - matplotlib data path: D:\python\py39\lib\site-packages\matplotlib\mpl-data
2024-12-09 15:45:02 - matplotlib - DEBUG - CONFIGDIR=C:\Users\dell\.matplotlib
2024-12-09 15:45:02 - matplotlib - DEBUG - interactive is False
2024-12-09 15:45:02 - matplotlib - DEBUG - platform is win32
2024-12-09 15:45:02 - matplotlib - DEBUG - CACHEDIR=C:\Users\dell\.matplotlib
2024-12-09 15:45:02 - matplotlib.font_manager - DEBUG - Using fontManager instance from C:\Users\dell\.matplotlib\fontlist-v390.json
2024-12-09 15:48:42 - matplotlib - DEBUG - matplotlib data path: D:\python\py39\lib\site-packages\matplotlib\mpl-data
2024-12-09 15:48:42 - matplotlib - DEBUG - CONFIGDIR=C:\Users\dell\.matplotlib
2024-12-09 15:48:42 - matplotlib - DEBUG - interactive is False
2024-12-09 15:48:42 - matplotlib - DEBUG - platform is win32
2024-12-09 15:48:42 - matplotlib - DEBUG - CACHEDIR=C:\Users\dell\.matplotlib
2024-12-09 15:48:42 - matplotlib.font_manager - DEBUG - Using fontManager instance from C:\Users\dell\.matplotlib\fontlist-v390.json
2024-12-09 15:49:36 - matplotlib - DEBUG - matplotlib data path: D:\python\py39\lib\site-packages\matplotlib\mpl-data
2024-12-09 15:49:36 - matplotlib - DEBUG - CONFIGDIR=C:\Users\dell\.matplotlib
2024-12-09 15:49:36 - matplotlib - DEBUG - interactive is False
2024-12-09 15:49:36 - matplotlib - DEBUG - platform is win32
2024-12-09 15:49:36 - matplotlib - DEBUG - CACHEDIR=C:\Users\dell\.matplotlib
2024-12-09 15:49:36 - matplotlib.font_manager - DEBUG - Using fontManager instance from C:\Users\dell\.matplotlib\fontlist-v390.json
2024-12-09 15:50:51 - matplotlib - DEBUG - matplotlib data path: D:\python\py39\lib\site-packages\matplotlib\mpl-data
2024-12-09 15:50:51 - matplotlib - DEBUG - CONFIGDIR=C:\Users\dell\.matplotlib
2024-12-09 15:50:51 - matplotlib - DEBUG - interactive is False
2024-12-09 15:50:51 - matplotlib - DEBUG - platform is win32
2024-12-09 15:50:51 - matplotlib - DEBUG - CACHEDIR=C:\Users\dell\.matplotlib
2024-12-09 15:50:51 - matplotlib.font_manager - DEBUG - Using fontManager instance from C:\Users\dell\.matplotlib\fontlist-v390.json
2024-12-09 15:51:51 - matplotlib - DEBUG - matplotlib data path: D:\python\py39\lib\site-packages\matplotlib\mpl-data
2024-12-09 15:51:51 - matplotlib - DEBUG - CONFIGDIR=C:\Users\dell\.matplotlib
2024-12-09 15:51:51 - matplotlib - DEBUG - interactive is False
2024-12-09 15:51:51 - matplotlib - DEBUG - platform is win32
2024-12-09 15:51:51 - matplotlib - DEBUG - CACHEDIR=C:\Users\dell\.matplotlib
2024-12-09 15:51:51 - matplotlib.font_manager - DEBUG - Using fontManager instance from C:\Users\dell\.matplotlib\fontlist-v390.json
2024-12-09 15:54:11 - matplotlib - DEBUG - matplotlib data path: D:\python\py39\lib\site-packages\matplotlib\mpl-data
2024-12-09 15:54:11 - matplotlib - DEBUG - CONFIGDIR=C:\Users\dell\.matplotlib
2024-12-09 15:54:11 - matplotlib - DEBUG - interactive is False
2024-12-09 15:54:11 - matplotlib - DEBUG - platform is win32
2024-12-09 15:54:11 - matplotlib - DEBUG - CACHEDIR=C:\Users\dell\.matplotlib
2024-12-09 15:54:11 - matplotlib.font_manager - DEBUG - Using fontManager instance from C:\Users\dell\.matplotlib\fontlist-v390.json
