2024-12-09 15:40:43 - matplotlib - DEBUG - matplotlib data path: D:\python\py39\lib\site-packages\matplotlib\mpl-data
2024-12-09 15:40:43 - matplotlib - DEBUG - CONFIGDIR=C:\Users\dell\.matplotlib
2024-12-09 15:40:43 - matplotlib - DEBUG - interactive is False
2024-12-09 15:40:43 - matplotlib - DEBUG - platform is win32
2024-12-09 15:40:43 - matplotlib - DEBUG - CACHEDIR=C:\Users\dell\.matplotlib
2024-12-09 15:40:43 - matplotlib.font_manager - DEBUG - Using fontManager instance from C:\Users\dell\.matplotlib\fontlist-v390.json
2024-12-09 15:45:07 - matplotlib - DEBUG - matplotlib data path: D:\python\py39\lib\site-packages\matplotlib\mpl-data
2024-12-09 15:45:07 - matplotlib - DEBUG - CONFIGDIR=C:\Users\dell\.matplotlib
2024-12-09 15:45:07 - matplotlib - DEBUG - interactive is False
2024-12-09 15:45:07 - matplotlib - DEBUG - platform is win32
2024-12-09 15:45:07 - matplotlib - DEBUG - CACHEDIR=C:\Users\dell\.matplotlib
2024-12-09 15:45:07 - matplotlib.font_manager - DEBUG - Using fontManager instance from C:\Users\dell\.matplotlib\fontlist-v390.json
2024-12-09 15:48:49 - matplotlib - DEBUG - matplotlib data path: D:\python\py39\lib\site-packages\matplotlib\mpl-data
2024-12-09 15:48:49 - matplotlib - DEBUG - CONFIGDIR=C:\Users\dell\.matplotlib
2024-12-09 15:48:49 - matplotlib - DEBUG - interactive is False
2024-12-09 15:48:49 - matplotlib - DEBUG - platform is win32
2024-12-09 15:48:49 - matplotlib - DEBUG - CACHEDIR=C:\Users\dell\.matplotlib
2024-12-09 15:48:49 - matplotlib.font_manager - DEBUG - Using fontManager instance from C:\Users\dell\.matplotlib\fontlist-v390.json
2024-12-09 15:49:41 - matplotlib - DEBUG - matplotlib data path: D:\python\py39\lib\site-packages\matplotlib\mpl-data
2024-12-09 15:49:41 - matplotlib - DEBUG - CONFIGDIR=C:\Users\dell\.matplotlib
2024-12-09 15:49:41 - matplotlib - DEBUG - interactive is False
2024-12-09 15:49:41 - matplotlib - DEBUG - platform is win32
2024-12-09 15:49:41 - matplotlib - DEBUG - CACHEDIR=C:\Users\dell\.matplotlib
2024-12-09 15:49:41 - matplotlib.font_manager - DEBUG - Using fontManager instance from C:\Users\dell\.matplotlib\fontlist-v390.json
2024-12-09 15:50:56 - matplotlib - DEBUG - matplotlib data path: D:\python\py39\lib\site-packages\matplotlib\mpl-data
2024-12-09 15:50:56 - matplotlib - DEBUG - CONFIGDIR=C:\Users\dell\.matplotlib
2024-12-09 15:50:56 - matplotlib - DEBUG - interactive is False
2024-12-09 15:50:56 - matplotlib - DEBUG - platform is win32
2024-12-09 15:50:56 - matplotlib - DEBUG - CACHEDIR=C:\Users\dell\.matplotlib
2024-12-09 15:50:56 - matplotlib.font_manager - DEBUG - Using fontManager instance from C:\Users\dell\.matplotlib\fontlist-v390.json
2024-12-09 15:51:57 - matplotlib - DEBUG - matplotlib data path: D:\python\py39\lib\site-packages\matplotlib\mpl-data
2024-12-09 15:51:57 - matplotlib - DEBUG - CONFIGDIR=C:\Users\dell\.matplotlib
2024-12-09 15:51:57 - matplotlib - DEBUG - interactive is False
2024-12-09 15:51:57 - matplotlib - DEBUG - platform is win32
2024-12-09 15:51:57 - matplotlib - DEBUG - CACHEDIR=C:\Users\dell\.matplotlib
2024-12-09 15:51:57 - matplotlib.font_manager - DEBUG - Using fontManager instance from C:\Users\dell\.matplotlib\fontlist-v390.json
2024-12-09 15:54:16 - matplotlib - DEBUG - matplotlib data path: D:\python\py39\lib\site-packages\matplotlib\mpl-data
2024-12-09 15:54:16 - matplotlib - DEBUG - CONFIGDIR=C:\Users\dell\.matplotlib
2024-12-09 15:54:16 - matplotlib - DEBUG - interactive is False
2024-12-09 15:54:16 - matplotlib - DEBUG - platform is win32
2024-12-09 15:54:16 - matplotlib - DEBUG - CACHEDIR=C:\Users\dell\.matplotlib
2024-12-09 15:54:16 - matplotlib.font_manager - DEBUG - Using fontManager instance from C:\Users\dell\.matplotlib\fontlist-v390.json
