2024-12-09 15:35:36 - root - DEBUG - _get_point_cloud_  3.661907434463501
2024-12-09 15:35:36 - root - DEBUG - apply_jet_colormap 0.08661842346191406
2024-12-09 15:36:15 - root - DEBUG - generate_mesh_from_point_cloud 38.93777251243591
2024-12-09 15:36:35 - root - DEBUG - save_colored_obj 19.85921883583069
2024-12-09 15:37:16 - root - DEBUG - _get_point_cloud_  3.6602883338928223
2024-12-09 15:37:16 - root - DEBUG - apply_jet_colormap 0.0773162841796875
2024-12-09 15:37:55 - root - DEBUG - generate_mesh_from_point_cloud 38.48890042304993
2024-12-09 15:38:15 - root - DEBUG - save_colored_obj 19.932880640029907
2024-12-09 15:38:41 - root - DEBUG - toMesh end
2024-12-09 15:40:43 - matplotlib - DEBUG - matplotlib data path: D:\python\py39\lib\site-packages\matplotlib\mpl-data
2024-12-09 15:40:43 - matplotlib - DEBUG - CONFIGDIR=C:\Users\dell\.matplotlib
2024-12-09 15:40:43 - matplotlib - DEBUG - interactive is False
2024-12-09 15:40:43 - matplotlib - DEBUG - platform is win32
2024-12-09 15:40:43 - matplotlib - DEBUG - CACHEDIR=C:\Users\dell\.matplotlib
2024-12-09 15:40:43 - matplotlib.font_manager - DEBUG - Using fontManager instance from C:\Users\dell\.matplotlib\fontlist-v390.json
2024-12-09 15:45:07 - matplotlib - DEBUG - matplotlib data path: D:\python\py39\lib\site-packages\matplotlib\mpl-data
2024-12-09 15:45:07 - matplotlib - DEBUG - CONFIGDIR=C:\Users\dell\.matplotlib
2024-12-09 15:45:07 - matplotlib - DEBUG - interactive is False
2024-12-09 15:45:07 - matplotlib - DEBUG - platform is win32
2024-12-09 15:45:07 - matplotlib - DEBUG - CACHEDIR=C:\Users\dell\.matplotlib
2024-12-09 15:45:07 - matplotlib.font_manager - DEBUG - Using fontManager instance from C:\Users\dell\.matplotlib\fontlist-v390.json
2024-12-09 15:48:49 - matplotlib - DEBUG - matplotlib data path: D:\python\py39\lib\site-packages\matplotlib\mpl-data
2024-12-09 15:48:49 - matplotlib - DEBUG - CONFIGDIR=C:\Users\dell\.matplotlib
2024-12-09 15:48:49 - matplotlib - DEBUG - interactive is False
2024-12-09 15:48:49 - matplotlib - DEBUG - platform is win32
2024-12-09 15:48:49 - matplotlib - DEBUG - CACHEDIR=C:\Users\dell\.matplotlib
2024-12-09 15:48:49 - matplotlib.font_manager - DEBUG - Using fontManager instance from C:\Users\dell\.matplotlib\fontlist-v390.json
2024-12-09 15:49:41 - matplotlib - DEBUG - matplotlib data path: D:\python\py39\lib\site-packages\matplotlib\mpl-data
2024-12-09 15:49:41 - matplotlib - DEBUG - CONFIGDIR=C:\Users\dell\.matplotlib
2024-12-09 15:49:41 - matplotlib - DEBUG - interactive is False
2024-12-09 15:49:41 - matplotlib - DEBUG - platform is win32
2024-12-09 15:49:41 - matplotlib - DEBUG - CACHEDIR=C:\Users\dell\.matplotlib
2024-12-09 15:49:41 - matplotlib.font_manager - DEBUG - Using fontManager instance from C:\Users\dell\.matplotlib\fontlist-v390.json
2024-12-09 15:50:56 - matplotlib - DEBUG - matplotlib data path: D:\python\py39\lib\site-packages\matplotlib\mpl-data
2024-12-09 15:50:56 - matplotlib - DEBUG - CONFIGDIR=C:\Users\dell\.matplotlib
2024-12-09 15:50:56 - matplotlib - DEBUG - interactive is False
2024-12-09 15:50:56 - matplotlib - DEBUG - platform is win32
2024-12-09 15:50:56 - matplotlib - DEBUG - CACHEDIR=C:\Users\dell\.matplotlib
2024-12-09 15:50:56 - matplotlib.font_manager - DEBUG - Using fontManager instance from C:\Users\dell\.matplotlib\fontlist-v390.json
2024-12-09 15:51:57 - matplotlib - DEBUG - matplotlib data path: D:\python\py39\lib\site-packages\matplotlib\mpl-data
2024-12-09 15:51:57 - matplotlib - DEBUG - CONFIGDIR=C:\Users\dell\.matplotlib
2024-12-09 15:51:57 - matplotlib - DEBUG - interactive is False
2024-12-09 15:51:57 - matplotlib - DEBUG - platform is win32
2024-12-09 15:51:57 - matplotlib - DEBUG - CACHEDIR=C:\Users\dell\.matplotlib
2024-12-09 15:51:57 - matplotlib.font_manager - DEBUG - Using fontManager instance from C:\Users\dell\.matplotlib\fontlist-v390.json
2024-12-09 15:54:16 - matplotlib - DEBUG - matplotlib data path: D:\python\py39\lib\site-packages\matplotlib\mpl-data
2024-12-09 15:54:16 - matplotlib - DEBUG - CONFIGDIR=C:\Users\dell\.matplotlib
2024-12-09 15:54:16 - matplotlib - DEBUG - interactive is False
2024-12-09 15:54:16 - matplotlib - DEBUG - platform is win32
2024-12-09 15:54:16 - matplotlib - DEBUG - CACHEDIR=C:\Users\dell\.matplotlib
2024-12-09 15:54:16 - matplotlib.font_manager - DEBUG - Using fontManager instance from C:\Users\dell\.matplotlib\fontlist-v390.json
