2024-12-09 15:35:22 - root - DEBUG - _get_point_cloud_  3.657498359680176
2024-12-09 15:35:22 - root - DEBUG - apply_jet_colormap 0.08363175392150879
2024-12-09 15:36:01 - root - DEBUG - generate_mesh_from_point_cloud 39.27794885635376
2024-12-09 15:36:21 - root - DEBUG - save_colored_obj 19.404754161834717
2024-12-09 15:37:06 - root - DEBUG - _get_point_cloud_  3.791104555130005
2024-12-09 15:37:06 - root - DEBUG - apply_jet_colormap 0.09956169128417969
2024-12-09 15:37:44 - root - DEBUG - generate_mesh_from_point_cloud 38.01882982254028
2024-12-09 15:38:03 - root - DEBUG - save_colored_obj 19.357444763183594
2024-12-09 15:38:33 - root - DEBUG - toMesh end
2024-12-09 15:40:43 - matplotlib - DEBUG - matplotlib data path: D:\python\py39\lib\site-packages\matplotlib\mpl-data
2024-12-09 15:40:43 - matplotlib - DEBUG - CONFIGDIR=C:\Users\dell\.matplotlib
2024-12-09 15:40:43 - matplotlib - DEBUG - interactive is False
2024-12-09 15:40:43 - matplotlib - DEBUG - platform is win32
2024-12-09 15:40:43 - matplotlib - DEBUG - CACHEDIR=C:\Users\dell\.matplotlib
2024-12-09 15:40:43 - matplotlib.font_manager - DEBUG - Using fontManager instance from C:\Users\dell\.matplotlib\fontlist-v390.json
2024-12-09 15:45:07 - matplotlib - DEBUG - matplotlib data path: D:\python\py39\lib\site-packages\matplotlib\mpl-data
2024-12-09 15:45:07 - matplotlib - DEBUG - CONFIGDIR=C:\Users\dell\.matplotlib
2024-12-09 15:45:07 - matplotlib - DEBUG - interactive is False
2024-12-09 15:45:07 - matplotlib - DEBUG - platform is win32
2024-12-09 15:45:07 - matplotlib - DEBUG - CACHEDIR=C:\Users\dell\.matplotlib
2024-12-09 15:45:07 - matplotlib.font_manager - DEBUG - Using fontManager instance from C:\Users\dell\.matplotlib\fontlist-v390.json
2024-12-09 15:48:49 - matplotlib - DEBUG - matplotlib data path: D:\python\py39\lib\site-packages\matplotlib\mpl-data
2024-12-09 15:48:49 - matplotlib - DEBUG - CONFIGDIR=C:\Users\dell\.matplotlib
2024-12-09 15:48:49 - matplotlib - DEBUG - interactive is False
2024-12-09 15:48:49 - matplotlib - DEBUG - platform is win32
2024-12-09 15:48:49 - matplotlib - DEBUG - CACHEDIR=C:\Users\dell\.matplotlib
2024-12-09 15:48:49 - matplotlib.font_manager - DEBUG - Using fontManager instance from C:\Users\dell\.matplotlib\fontlist-v390.json
2024-12-09 15:49:41 - matplotlib - DEBUG - matplotlib data path: D:\python\py39\lib\site-packages\matplotlib\mpl-data
2024-12-09 15:49:41 - matplotlib - DEBUG - CONFIGDIR=C:\Users\dell\.matplotlib
2024-12-09 15:49:41 - matplotlib - DEBUG - interactive is False
2024-12-09 15:49:41 - matplotlib - DEBUG - platform is win32
2024-12-09 15:49:41 - matplotlib - DEBUG - CACHEDIR=C:\Users\dell\.matplotlib
2024-12-09 15:49:41 - matplotlib.font_manager - DEBUG - Using fontManager instance from C:\Users\dell\.matplotlib\fontlist-v390.json
2024-12-09 15:50:56 - matplotlib - DEBUG - matplotlib data path: D:\python\py39\lib\site-packages\matplotlib\mpl-data
2024-12-09 15:50:56 - matplotlib - DEBUG - CONFIGDIR=C:\Users\dell\.matplotlib
2024-12-09 15:50:56 - matplotlib - DEBUG - interactive is False
2024-12-09 15:50:56 - matplotlib - DEBUG - platform is win32
2024-12-09 15:50:56 - matplotlib - DEBUG - CACHEDIR=C:\Users\dell\.matplotlib
2024-12-09 15:50:56 - matplotlib.font_manager - DEBUG - Using fontManager instance from C:\Users\dell\.matplotlib\fontlist-v390.json
2024-12-09 15:51:57 - matplotlib - DEBUG - matplotlib data path: D:\python\py39\lib\site-packages\matplotlib\mpl-data
2024-12-09 15:51:57 - matplotlib - DEBUG - CONFIGDIR=C:\Users\dell\.matplotlib
2024-12-09 15:51:57 - matplotlib - DEBUG - interactive is False
2024-12-09 15:51:57 - matplotlib - DEBUG - platform is win32
2024-12-09 15:51:57 - matplotlib - DEBUG - CACHEDIR=C:\Users\dell\.matplotlib
2024-12-09 15:51:57 - matplotlib.font_manager - DEBUG - Using fontManager instance from C:\Users\dell\.matplotlib\fontlist-v390.json
2024-12-09 15:54:16 - matplotlib - DEBUG - matplotlib data path: D:\python\py39\lib\site-packages\matplotlib\mpl-data
2024-12-09 15:54:16 - matplotlib - DEBUG - CONFIGDIR=C:\Users\dell\.matplotlib
2024-12-09 15:54:16 - matplotlib - DEBUG - interactive is False
2024-12-09 15:54:16 - matplotlib - DEBUG - platform is win32
2024-12-09 15:54:16 - matplotlib - DEBUG - CACHEDIR=C:\Users\dell\.matplotlib
2024-12-09 15:54:16 - matplotlib.font_manager - DEBUG - Using fontManager instance from C:\Users\dell\.matplotlib\fontlist-v390.json
